INFO: Pandarallel will run on 76 workers.
INFO: Pandarallel will use Memory file system to transfer data between the main process and workers.
cardiotox_with_sider_inactives
1    297
0     95
Name: Cardiotox (with SIDER inactives), dtype: int64
1    65
0    25
Name: Cardiotox (with SIDER inactives), dtype: int64
n_iterations: 3
n_required_iterations: 3
n_possible_iterations: 3
min_resources_: 20
max_resources_: 392
aggressive_elimination: False
factor: 3
----------
iter: 0
n_candidates: 19
n_resources: 20
Fitting 5 folds for each of 19 candidates, totalling 95 fits
----------
iter: 1
n_candidates: 7
n_resources: 60
Fitting 5 folds for each of 7 candidates, totalling 35 fits
----------
iter: 2
n_candidates: 3
n_resources: 180
Fitting 5 folds for each of 3 candidates, totalling 15 fits
cardiotox_with_sider_actives
1    400
0     54
Name: Cardiotox (with SIDER actives), dtype: int64
1    65
0    25
Name: Cardiotox (with SIDER actives), dtype: int64
n_iterations: 3
n_required_iterations: 3
n_possible_iterations: 3
min_resources_: 20
max_resources_: 454
aggressive_elimination: False
factor: 3
----------
iter: 0
n_candidates: 22
n_resources: 20
Fitting 5 folds for each of 22 candidates, totalling 110 fits
----------
iter: 1
n_candidates: 8
n_resources: 60
Fitting 5 folds for each of 8 candidates, totalling 40 fits
----------
iter: 2
n_candidates: 3
n_resources: 180
Fitting 5 folds for each of 3 candidates, totalling 15 fits
cardiotox_with_sider_all
1    400
0     95
Name: Cardiotox (with SIDER all), dtype: int64
1    65
0    25
Name: Cardiotox (with SIDER all), dtype: int64
n_iterations: 3
n_required_iterations: 3
n_possible_iterations: 3
min_resources_: 20
max_resources_: 495
aggressive_elimination: False
factor: 3
----------
iter: 0
n_candidates: 24
n_resources: 20
Fitting 5 folds for each of 24 candidates, totalling 120 fits
----------
iter: 1
n_candidates: 8
n_resources: 60
Fitting 5 folds for each of 8 candidates, totalling 40 fits
----------
iter: 2
n_candidates: 3
n_resources: 180
Fitting 5 folds for each of 3 candidates, totalling 15 fits
sider_cardiacdisorders
1    412
0    100
Name: Cardiac disorders, dtype: int64
1    45
0     6
Name: Cardiac disorders, dtype: int64
n_iterations: 3
n_required_iterations: 3
n_possible_iterations: 3
min_resources_: 20
max_resources_: 512
aggressive_elimination: False
factor: 3
----------
iter: 0
n_candidates: 25
n_resources: 20
Fitting 5 folds for each of 25 candidates, totalling 125 fits
----------
iter: 1
n_candidates: 9
n_resources: 60
Fitting 5 folds for each of 9 candidates, totalling 45 fits
----------
iter: 2
n_candidates: 3
n_resources: 180
Fitting 5 folds for each of 3 candidates, totalling 15 fits
DICTrank
1    297
0     54
Name: DICTrank, dtype: int64
1    65
0    25
Name: DICTrank, dtype: int64
n_iterations: 3
n_required_iterations: 3
n_possible_iterations: 3
min_resources_: 20
max_resources_: 351
aggressive_elimination: False
factor: 3
----------
iter: 0
n_candidates: 17
n_resources: 20
Fitting 5 folds for each of 17 candidates, totalling 85 fits
----------
iter: 1
n_candidates: 6
n_resources: 60
Fitting 5 folds for each of 6 candidates, totalling 30 fits
----------
iter: 2
n_candidates: 2
n_resources: 180
Fitting 5 folds for each of 2 candidates, totalling 10 fits
INFO: Pandarallel will run on 76 workers.
INFO: Pandarallel will use Memory file system to transfer data between the main process and workers.
cardiotox_with_sider_inactives
1    248
0     60
Name: Cardiotox (with SIDER inactives), dtype: int64
1    57
0    21
Name: Cardiotox (with SIDER inactives), dtype: int64
n_iterations: 3
n_required_iterations: 3
n_possible_iterations: 3
min_resources_: 20
max_resources_: 308
aggressive_elimination: False
factor: 3
----------
iter: 0
n_candidates: 15
n_resources: 20
Fitting 5 folds for each of 15 candidates, totalling 75 fits
----------
iter: 1
n_candidates: 5
n_resources: 60
Fitting 5 folds for each of 5 candidates, totalling 25 fits
----------
iter: 2
n_candidates: 2
n_resources: 180
Fitting 5 folds for each of 2 candidates, totalling 10 fits
cardiotox_with_sider_actives
1    326
0     35
Name: Cardiotox (with SIDER actives), dtype: int64
1    57
0    21
Name: Cardiotox (with SIDER actives), dtype: int64
n_iterations: 3
n_required_iterations: 3
n_possible_iterations: 3
min_resources_: 20
max_resources_: 361
aggressive_elimination: False
factor: 3
----------
iter: 0
n_candidates: 18
n_resources: 20
Fitting 5 folds for each of 18 candidates, totalling 90 fits
----------
iter: 1
n_candidates: 6
n_resources: 60
Fitting 5 folds for each of 6 candidates, totalling 30 fits
----------
iter: 2
n_candidates: 2
n_resources: 180
Fitting 5 folds for each of 2 candidates, totalling 10 fits
cardiotox_with_sider_all
1    326
0     60
Name: Cardiotox (with SIDER all), dtype: int64
1    57
0    21
Name: Cardiotox (with SIDER all), dtype: int64
n_iterations: 3
n_required_iterations: 3
n_possible_iterations: 3
min_resources_: 20
max_resources_: 386
aggressive_elimination: False
factor: 3
----------
iter: 0
n_candidates: 19
n_resources: 20
Fitting 5 folds for each of 19 candidates, totalling 95 fits
----------
iter: 1
n_candidates: 7
n_resources: 60
Fitting 5 folds for each of 7 candidates, totalling 35 fits
----------
iter: 2
n_candidates: 3
n_resources: 180
Fitting 5 folds for each of 3 candidates, totalling 15 fits
sider_cardiacdisorders
1    345
0     66
Name: Cardiac disorders, dtype: int64
1    32
0     4
Name: Cardiac disorders, dtype: int64
n_iterations: 3
n_required_iterations: 3
n_possible_iterations: 3
min_resources_: 20
max_resources_: 411
aggressive_elimination: False
factor: 3
----------
iter: 0
n_candidates: 20
n_resources: 20
Fitting 5 folds for each of 20 candidates, totalling 100 fits
----------
iter: 1
n_candidates: 7
n_resources: 60
Fitting 5 folds for each of 7 candidates, totalling 35 fits
----------
iter: 2
n_candidates: 3
n_resources: 180
Fitting 5 folds for each of 3 candidates, totalling 15 fits
DICTrank
1    248
0     35
Name: DICTrank, dtype: int64
1    57
0    21
Name: DICTrank, dtype: int64
n_iterations: 3
n_required_iterations: 3
n_possible_iterations: 3
min_resources_: 20
max_resources_: 283
aggressive_elimination: False
factor: 3
----------
iter: 0
n_candidates: 14
n_resources: 20
Fitting 5 folds for each of 14 candidates, totalling 70 fits
----------
iter: 1
n_candidates: 5
n_resources: 60
Fitting 5 folds for each of 5 candidates, totalling 25 fits
----------
iter: 2
n_candidates: 2
n_resources: 180
Fitting 5 folds for each of 2 candidates, totalling 10 fits
