cardiotox_with_sider_inactives
n_iterations: 4
n_required_iterations: 4
n_possible_iterations: 4
min_resources_: 20
max_resources_: 1163
aggressive_elimination: False
factor: 3
----------
iter: 0
n_candidates: 58
n_resources: 20
Fitting 5 folds for each of 58 candidates, totalling 290 fits
----------
iter: 1
n_candidates: 20
n_resources: 60
Fitting 5 folds for each of 20 candidates, totalling 100 fits
----------
iter: 2
n_candidates: 7
n_resources: 180
Fitting 5 folds for each of 7 candidates, totalling 35 fits
----------
iter: 3
n_candidates: 3
n_resources: 540
Fitting 5 folds for each of 3 candidates, totalling 15 fits
cardiotox_with_sider_actives
n_iterations: 4
n_required_iterations: 4
n_possible_iterations: 4
min_resources_: 20
max_resources_: 1243
aggressive_elimination: False
factor: 3
----------
iter: 0
n_candidates: 62
n_resources: 20
Fitting 5 folds for each of 62 candidates, totalling 310 fits
----------
iter: 1
n_candidates: 21
n_resources: 60
Fitting 5 folds for each of 21 candidates, totalling 105 fits
----------
iter: 2
n_candidates: 7
n_resources: 180
Fitting 5 folds for each of 7 candidates, totalling 35 fits
----------
iter: 3
n_candidates: 3
n_resources: 540
Fitting 5 folds for each of 3 candidates, totalling 15 fits
cardiotox_with_sider_all
n_iterations: 4
n_required_iterations: 4
n_possible_iterations: 4
min_resources_: 20
max_resources_: 1476
aggressive_elimination: False
factor: 3
----------
iter: 0
n_candidates: 73
n_resources: 20
Fitting 5 folds for each of 73 candidates, totalling 365 fits
----------
iter: 1
n_candidates: 25
n_resources: 60
Fitting 5 folds for each of 25 candidates, totalling 125 fits
----------
iter: 2
n_candidates: 9
n_resources: 180
Fitting 5 folds for each of 9 candidates, totalling 45 fits
----------
iter: 3
n_candidates: 3
n_resources: 540
Fitting 5 folds for each of 3 candidates, totalling 15 fits
sider_cardiacdisorders
n_iterations: 4
n_required_iterations: 4
n_possible_iterations: 4
min_resources_: 20
max_resources_: 1189
aggressive_elimination: False
factor: 3
----------
iter: 0
n_candidates: 59
n_resources: 20
Fitting 5 folds for each of 59 candidates, totalling 295 fits
----------
iter: 1
n_candidates: 20
n_resources: 60
Fitting 5 folds for each of 20 candidates, totalling 100 fits
----------
iter: 2
n_candidates: 7
n_resources: 180
Fitting 5 folds for each of 7 candidates, totalling 35 fits
----------
iter: 3
n_candidates: 3
n_resources: 540
Fitting 5 folds for each of 3 candidates, totalling 15 fits
DICTrank
n_iterations: 4
n_required_iterations: 4
n_possible_iterations: 4
min_resources_: 20
max_resources_: 930
aggressive_elimination: False
factor: 3
----------
iter: 0
n_candidates: 46
n_resources: 20
Fitting 5 folds for each of 46 candidates, totalling 230 fits
----------
iter: 1
n_candidates: 16
n_resources: 60
Fitting 5 folds for each of 16 candidates, totalling 80 fits
----------
iter: 2
n_candidates: 6
n_resources: 180
Fitting 5 folds for each of 6 candidates, totalling 30 fits
----------
iter: 3
n_candidates: 2
n_resources: 540
Fitting 5 folds for each of 2 candidates, totalling 10 fits
INFO: Pandarallel will run on 76 workers.
INFO: Pandarallel will use Memory file system to transfer data between the main process and workers.
cardiotox_with_sider_inactives
1    677
0    486
Name: Cardiotox (with SIDER inactives), dtype: int64
1    65
0    25
Name: Cardiotox (with SIDER inactives), dtype: int64
n_iterations: 4
n_required_iterations: 4
n_possible_iterations: 4
min_resources_: 20
max_resources_: 1163
aggressive_elimination: False
factor: 3
----------
iter: 0
n_candidates: 58
n_resources: 20
Fitting 5 folds for each of 58 candidates, totalling 290 fits
----------
iter: 1
n_candidates: 20
n_resources: 60
Fitting 5 folds for each of 20 candidates, totalling 100 fits
----------
iter: 2
n_candidates: 7
n_resources: 180
Fitting 5 folds for each of 7 candidates, totalling 35 fits
----------
iter: 3
n_candidates: 3
n_resources: 540
Fitting 5 folds for each of 3 candidates, totalling 15 fits
cardiotox_with_sider_actives
1    990
0    253
Name: Cardiotox (with SIDER actives), dtype: int64
1    65
0    25
Name: Cardiotox (with SIDER actives), dtype: int64
n_iterations: 4
n_required_iterations: 4
n_possible_iterations: 4
min_resources_: 20
max_resources_: 1243
aggressive_elimination: False
factor: 3
----------
iter: 0
n_candidates: 62
n_resources: 20
Fitting 5 folds for each of 62 candidates, totalling 310 fits
----------
iter: 1
n_candidates: 21
n_resources: 60
Fitting 5 folds for each of 21 candidates, totalling 105 fits
----------
iter: 2
n_candidates: 7
n_resources: 180
Fitting 5 folds for each of 7 candidates, totalling 35 fits
----------
iter: 3
n_candidates: 3
n_resources: 540
Fitting 5 folds for each of 3 candidates, totalling 15 fits
cardiotox_with_sider_all
1    990
0    486
Name: Cardiotox (with SIDER all), dtype: int64
1    65
0    25
Name: Cardiotox (with SIDER all), dtype: int64
n_iterations: 4
n_required_iterations: 4
n_possible_iterations: 4
min_resources_: 20
max_resources_: 1476
aggressive_elimination: False
factor: 3
----------
iter: 0
n_candidates: 73
n_resources: 20
Fitting 5 folds for each of 73 candidates, totalling 365 fits
----------
iter: 1
n_candidates: 25
n_resources: 60
Fitting 5 folds for each of 25 candidates, totalling 125 fits
----------
iter: 2
n_candidates: 9
n_resources: 180
Fitting 5 folds for each of 9 candidates, totalling 45 fits
----------
iter: 3
n_candidates: 3
n_resources: 540
Fitting 5 folds for each of 3 candidates, totalling 15 fits
sider_cardiacdisorders
1    829
0    360
Name: Cardiac disorders, dtype: int64
1    93
0    40
Name: Cardiac disorders, dtype: int64
n_iterations: 4
n_required_iterations: 4
n_possible_iterations: 4
min_resources_: 20
max_resources_: 1189
aggressive_elimination: False
factor: 3
----------
iter: 0
n_candidates: 59
n_resources: 20
Fitting 5 folds for each of 59 candidates, totalling 295 fits
----------
iter: 1
n_candidates: 20
n_resources: 60
Fitting 5 folds for each of 20 candidates, totalling 100 fits
----------
iter: 2
n_candidates: 7
n_resources: 180
Fitting 5 folds for each of 7 candidates, totalling 35 fits
----------
iter: 3
n_candidates: 3
n_resources: 540
Fitting 5 folds for each of 3 candidates, totalling 15 fits
DICTrank
1    677
0    253
Name: DICTrank, dtype: int64
1    65
0    25
Name: DICTrank, dtype: int64
n_iterations: 4
n_required_iterations: 4
n_possible_iterations: 4
min_resources_: 20
max_resources_: 930
aggressive_elimination: False
factor: 3
----------
iter: 0
n_candidates: 46
n_resources: 20
Fitting 5 folds for each of 46 candidates, totalling 230 fits
----------
iter: 1
n_candidates: 16
n_resources: 60
Fitting 5 folds for each of 16 candidates, totalling 80 fits
----------
iter: 2
n_candidates: 6
n_resources: 180
Fitting 5 folds for each of 6 candidates, totalling 30 fits
----------
iter: 3
n_candidates: 2
n_resources: 540
Fitting 5 folds for each of 2 candidates, totalling 10 fits
