INFO: Pandarallel will run on 76 workers.
INFO: Pandarallel will use Memory file system to transfer data between the main process and workers.
cardiotox_with_sider_inactives
1    568
0    382
Name: Cardiotox (with SIDER inactives), dtype: int64
1    65
0    25
Name: Cardiotox (with SIDER inactives), dtype: int64
n_iterations: 4
n_required_iterations: 4
n_possible_iterations: 4
min_resources_: 20
max_resources_: 950
aggressive_elimination: False
factor: 3
----------
iter: 0
n_candidates: 47
n_resources: 20
Fitting 5 folds for each of 47 candidates, totalling 235 fits
----------
iter: 1
n_candidates: 16
n_resources: 60
Fitting 5 folds for each of 16 candidates, totalling 80 fits
----------
iter: 2
n_candidates: 6
n_resources: 180
Fitting 5 folds for each of 6 candidates, totalling 30 fits
----------
iter: 3
n_candidates: 2
n_resources: 540
Fitting 5 folds for each of 2 candidates, totalling 10 fits
cardiotox_with_sider_actives
1    797
0    193
Name: Cardiotox (with SIDER actives), dtype: int64
1    65
0    25
Name: Cardiotox (with SIDER actives), dtype: int64
n_iterations: 4
n_required_iterations: 4
n_possible_iterations: 4
min_resources_: 20
max_resources_: 990
aggressive_elimination: False
factor: 3
----------
iter: 0
n_candidates: 49
n_resources: 20
Fitting 5 folds for each of 49 candidates, totalling 245 fits
----------
iter: 1
n_candidates: 17
n_resources: 60
Fitting 5 folds for each of 17 candidates, totalling 85 fits
----------
iter: 2
n_candidates: 6
n_resources: 180
Fitting 5 folds for each of 6 candidates, totalling 30 fits
----------
iter: 3
n_candidates: 2
n_resources: 540
Fitting 5 folds for each of 2 candidates, totalling 10 fits
cardiotox_with_sider_all
1    797
0    382
Name: Cardiotox (with SIDER all), dtype: int64
1    65
0    25
Name: Cardiotox (with SIDER all), dtype: int64
n_iterations: 4
n_required_iterations: 4
n_possible_iterations: 4
min_resources_: 20
max_resources_: 1179
aggressive_elimination: False
factor: 3
----------
iter: 0
n_candidates: 58
n_resources: 20
Fitting 5 folds for each of 58 candidates, totalling 290 fits
----------
iter: 1
n_candidates: 20
n_resources: 60
Fitting 5 folds for each of 20 candidates, totalling 100 fits
----------
iter: 2
n_candidates: 7
n_resources: 180
Fitting 5 folds for each of 7 candidates, totalling 35 fits
----------
iter: 3
n_candidates: 3
n_resources: 540
Fitting 5 folds for each of 3 candidates, totalling 15 fits
sider_cardiacdisorders
1    690
0    298
Name: Cardiac disorders, dtype: int64
1    76
0    35
Name: Cardiac disorders, dtype: int64
n_iterations: 4
n_required_iterations: 4
n_possible_iterations: 4
min_resources_: 20
max_resources_: 988
aggressive_elimination: False
factor: 3
----------
iter: 0
n_candidates: 49
n_resources: 20
Fitting 5 folds for each of 49 candidates, totalling 245 fits
----------
iter: 1
n_candidates: 17
n_resources: 60
Fitting 5 folds for each of 17 candidates, totalling 85 fits
----------
iter: 2
n_candidates: 6
n_resources: 180
Fitting 5 folds for each of 6 candidates, totalling 30 fits
----------
iter: 3
n_candidates: 2
n_resources: 540
Fitting 5 folds for each of 2 candidates, totalling 10 fits
DICTrank
1    568
0    193
Name: DICTrank, dtype: int64
1    65
0    25
Name: DICTrank, dtype: int64
n_iterations: 4
n_required_iterations: 4
n_possible_iterations: 4
min_resources_: 20
max_resources_: 761
aggressive_elimination: False
factor: 3
----------
iter: 0
n_candidates: 38
n_resources: 20
Fitting 5 folds for each of 38 candidates, totalling 190 fits
----------
iter: 1
n_candidates: 13
n_resources: 60
Fitting 5 folds for each of 13 candidates, totalling 65 fits
----------
iter: 2
n_candidates: 5
n_resources: 180
Fitting 5 folds for each of 5 candidates, totalling 25 fits
----------
iter: 3
n_candidates: 2
n_resources: 540
Fitting 5 folds for each of 2 candidates, totalling 10 fits
